[ 2017-05-24T15:21:42+08:00 ] 10.0.2.2 /thinkphp&workerman/
INFO: [ app_init ] --START--
INFO: Run Behavior\BuildLiteBehavior [ RunTime:0.000022s ]
INFO: [ app_init ] --END-- [ RunTime:0.023201s ]
INFO: [ app_begin ] --START--
INFO: Run Behavior\ReadHtmlCacheBehavior [ RunTime:0.049434s ]
INFO: [ app_begin ] --END-- [ RunTime:0.049531s ]
INFO: [ view_parse ] --START--
INFO: [ template_filter ] --START--
INFO: Run Behavior\ContentReplaceBehavior [ RunTime:0.008744s ]
INFO: [ template_filter ] --END-- [ RunTime:0.008823s ]
INFO: Run Behavior\ParseTemplateBehavior [ RunTime:0.626207s ]
INFO: [ view_parse ] --END-- [ RunTime:0.626307s ]
INFO: [ view_filter ] --START--
INFO: Run Behavior\WriteHtmlCacheBehavior [ RunTime:0.025217s ]
INFO: [ view_filter ] --END-- [ RunTime:0.025293s ]
INFO: [ app_end ] --START--
INFO: Run Behavior\ShowPageTraceBehavior [ RunTime:0.019715s ]
INFO: [ app_end ] --END-- [ RunTime:0.019785s ]

[ 2017-05-24T16:22:07+08:00 ] 10.0.2.2 /thinkphp&workerman/
INFO: [ app_init ] --START--
INFO: Run Behavior\BuildLiteBehavior [ RunTime:0.000023s ]
INFO: [ app_init ] --END-- [ RunTime:0.006380s ]
INFO: [ app_begin ] --START--
INFO: Run Behavior\ReadHtmlCacheBehavior [ RunTime:0.033460s ]
INFO: [ app_begin ] --END-- [ RunTime:0.033573s ]
INFO: [ view_parse ] --START--
INFO: [ template_filter ] --START--
INFO: Run Behavior\ContentReplaceBehavior [ RunTime:0.000077s ]
INFO: [ template_filter ] --END-- [ RunTime:0.000145s ]
INFO: Run Behavior\ParseTemplateBehavior [ RunTime:0.285323s ]
INFO: [ view_parse ] --END-- [ RunTime:0.285423s ]
INFO: [ view_filter ] --START--
INFO: Run Behavior\WriteHtmlCacheBehavior [ RunTime:0.027460s ]
INFO: [ view_filter ] --END-- [ RunTime:0.027542s ]
INFO: [ app_end ] --START--
INFO: Run Behavior\ShowPageTraceBehavior [ RunTime:0.005694s ]
INFO: [ app_end ] --END-- [ RunTime:0.005777s ]

